<?xml version="1.0" encoding="UTF-8"?>
<!-- Generated by org.testng.reporters.JUnitReportReporter -->
<testsuite hostname="TRENGOZCUWIN" failures="0" tests="19" name="request.CreateUserTest" time="22.627" errors="0" timestamp="2023-05-28T02:40:19 TRT" skipped="0">
  <testcase classname="request.CreateUserTest" name="doNotCreateUserWithOneCharFirstName" time="1.070"/>
  <system-out/>
  <testcase classname="request.CreateUserTest" name="createUserWithTwoCharLastName" time="1.023"/>
  <system-out/>
  <testcase classname="request.CreateUserTest" name="doNotCreateUserWithThirteenCharUserName" time="1.293"/>
  <system-out/>
  <testcase classname="request.CreateUserTest" name="doNotCreateUserWithoutUserName" time="0.981"/>
  <system-out/>
  <testcase classname="request.CreateUserTest" name="createUserWithFourCharUserName" time="0.975"/>
  <system-out/>
  <testcase classname="request.CreateUserTest" name="doNotCreateUserWithoutFirstName" time="1.122"/>
  <system-out/>
  <testcase classname="request.CreateUserTest" name="doNotCreateUserWithFiftyOneCharFirstName" time="1.102"/>
  <system-out/>
  <testcase classname="request.CreateUserTest" name="createUserWithFiftyCharLastName" time="1.165"/>
  <system-out/>
  <testcase classname="request.CreateUserTest" name="createUserWithoutPassword" time="1.059"/>
  <system-out/>
  <testcase classname="request.CreateUserTest" name="doNotCreateUserWithThreeCharUserName" time="1.239"/>
  <system-out/>
  <testcase classname="request.CreateUserTest" name="doNotCreateUserWithFiftyOneCharLastName" time="1.101"/>
  <system-out/>
  <testcase classname="request.CreateUserTest" name="doNotCreateWithAlphanumericLastName" time="1.095"/>
  <system-out/>
  <testcase classname="request.CreateUserTest" name="doNotCreateWithAlphanumericFirstName" time="0.952"/>
  <system-out/>
  <testcase classname="request.CreateUserTest" name="createUserWithFiftyCharFirstName" time="1.208"/>
  <system-out/>
  <testcase classname="request.CreateUserTest" name="doNotCreateUserWithoutLastName" time="1.121"/>
  <system-out/>
  <testcase classname="request.CreateUserTest" name="doNotCreateUserWithOneCharLastName" time="1.149"/>
  <system-out/>
  <testcase classname="request.CreateUserTest" name="createUserWithTwoCharFirstName" time="1.079"/>
  <system-out/>
  <testcase classname="request.CreateUserTest" name="createUserWithTwelveCharUserName" time="1.057"/>
  <system-out/>
  <testcase classname="request.CreateUserTest" name="createUserHappyPath" time="2.836"/>
  <system-out/>
</testsuite> <!-- request.CreateUserTest -->
