<?xml version="1.0" encoding="UTF-8"?>
<!-- Generated by org.testng.reporters.JUnitReportReporter -->
<testsuite hostname="TRENGOZCUWIN" failures="0" tests="12" name="request.UpdateAUserTest" time="13.727" errors="0" timestamp="2023-05-28T02:40:19 TRT" skipped="0">
  <testcase classname="request.UpdateAUserTest" name="updateAUserHappyPath" time="1.524"/>
  <system-out/>
  <testcase classname="request.UpdateAUserTest" name="updateAUserWithFiftyCharFirstName" time="1.145"/>
  <system-out/>
  <testcase classname="request.UpdateAUserTest" name="doNotUpdateAUserWithOneCharLastName" time="1.011"/>
  <system-out/>
  <testcase classname="request.UpdateAUserTest" name="updateAUserWithFiftyCharLastName" time="1.008"/>
  <system-out/>
  <testcase classname="request.UpdateAUserTest" name="doNotUpdateAUserWithFiftyOneCharLastName" time="0.984"/>
  <system-out/>
  <testcase classname="request.UpdateAUserTest" name="doNotUpdateAUserWithoutFirstName" time="1.087"/>
  <system-out/>
  <testcase classname="request.UpdateAUserTest" name="doNotUpdateAUserWithNonExistedUserId" time="0.958"/>
  <system-out/>
  <testcase classname="request.UpdateAUserTest" name="doNotUpdateAUserWithOneCharFirstName" time="1.188"/>
  <system-out/>
  <testcase classname="request.UpdateAUserTest" name="updateAUserWithTwoCharLastName" time="1.440"/>
  <system-out/>
  <testcase classname="request.UpdateAUserTest" name="doNotUpdateAUserWithoutLastName" time="1.020"/>
  <system-out/>
  <testcase classname="request.UpdateAUserTest" name="updateAUserWithTwoCharFirstName" time="1.345"/>
  <system-out/>
  <testcase classname="request.UpdateAUserTest" name="doNotUpdateAUserWithFiftyOneCharFirstName" time="1.017"/>
  <system-out/>
</testsuite> <!-- request.UpdateAUserTest -->
