<?xml version="1.0" encoding="UTF-8"?>
<!-- Generated by org.testng.reporters.JUnitReportReporter -->
<testsuite hostname="TRENGOZCUWIN" failures="0" tests="2" name="request.DeleteAUserTest" time="2.116" errors="0" timestamp="2023-05-28T02:40:19 TRT" skipped="0">
  <testcase classname="request.DeleteAUserTest" name="doNotDeleteAUserWitNonExistedUserId" time="0.998"/>
  <system-out/>
  <testcase classname="request.DeleteAUserTest" name="deleteAUserHappyPath" time="1.118"/>
  <system-out/>
</testsuite> <!-- request.DeleteAUserTest -->
