<?xml version="1.0" encoding="UTF-8"?>
<!-- Generated by org.testng.reporters.JUnitReportReporter -->
<testsuite hostname="TRENGOZCUWIN" failures="0" tests="2" name="request.GetAUserTest" time="2.202" errors="0" timestamp="2023-05-28T02:40:19 TRT" skipped="0">
  <testcase classname="request.GetAUserTest" name="getAUserHappyPath" time="1.203"/>
  <system-out/>
  <testcase classname="request.GetAUserTest" name="doNotGetAUserWithNonExistedUserId" time="0.999"/>
  <system-out/>
</testsuite> <!-- request.GetAUserTest -->
