<?xml version="1.0" encoding="UTF-8"?>
<!-- Generated by org.testng.reporters.JUnitReportReporter -->
<testsuite hostname="TRENGOZCUWIN" failures="0" tests="1" name="request.GetUserListTest" time="1.099" errors="0" timestamp="2023-05-28T02:40:19 TRT" skipped="0">
  <testcase classname="request.GetUserListTest" name="getUserList" time="1.099"/>
  <system-out/>
</testsuite> <!-- request.GetUserListTest -->
