<?xml version="1.0" encoding="UTF-8"?>
<!-- Generated by org.testng.reporters.JUnitReportReporter -->
<testsuite hostname="TRENGOZCUWIN" failures="0" tests="4" name="request.PatchAUserActivityTest" time="5.172" errors="0" timestamp="2023-05-28T02:40:19 TRT" skipped="0">
  <testcase classname="request.PatchAUserActivityTest" name="patchAUserActivityAsTrue" time="1.043"/>
  <system-out/>
  <testcase classname="request.PatchAUserActivityTest" name="doNotPatchAUserActivityWithImproperTypeOfIsActivePropertyValue" time="1.076"/>
  <system-out/>
  <testcase classname="request.PatchAUserActivityTest" name="patchAUserActivityAsFalse" time="1.905"/>
  <system-out/>
  <testcase classname="request.PatchAUserActivityTest" name="doNotPatchAUserActivityWithoutIsActiveProperty" time="1.148"/>
  <system-out/>
</testsuite> <!-- request.PatchAUserActivityTest -->
